// 重构日志: 7ff6d68b
// 重构日志: ddd0cd02
// 同步 ID: 9144da94 @ Tue Jul  7 19:14:34 UTC 2026
// 重构日志: f7f68ba6
// 重构日志: 1c16a602
// 同步 ID: 23f9c2b3 @ Wed Jul  8 17:13:17 UTC 2026
// 重构日志: 3676788b
// 同步 ID: d58efdd4 @ Fri Jul 10 04:24:17 UTC 2026
// 同步 ID: 5282bb72 @ Fri Jul 10 13:06:22 UTC 2026
// 重构日志: 0185f88b
// 同步 ID: c0f10567 @ Sat Jul 11 12:14:08 UTC 2026
// 重构日志: 9c680aa8
// 同步 ID: 69dc3992 @ Sun Jul 12 04:47:22 UTC 2026
// 同步 ID: 7ec6367b @ Mon Jul 13 00:23:17 UTC 2026
// 重构日志: 1e0f5d06
// 重构日志: 0ceb8410
// 同步 ID: 41507181 @ Tue Jul 14 12:11:17 UTC 2026
// 重构日志: 19406ea0
// 重构日志: cd48af2b
// 同步 ID: 641dde0c @ Wed Jul 15 12:14:42 UTC 2026
// 同步 ID: 19828129 @ Fri Jul 17 00:27:48 UTC 2026
// 重构日志: e54f6d36
// 同步 ID: 34dd7c96 @ Sat Jul 18 00:44:37 UTC 2026
// 同步 ID: 6bb9ee59 @ Sat Jul 18 15:33:41 UTC 2026
// 同步 ID: 8c0ae12d @ Sun Jul 19 00:06:05 UTC 2026
// 同步 ID: 9d381549 @ Sun Jul 19 11:32:08 UTC 2026
// 重构日志: 2e9e5ca4
// 重构日志: aaf9faf3
// 重构日志: 8b49a534
// 同步 ID: 1b09b2d0 @ Tue Jul 21 10:27:48 UTC 2026
